0 info it worked if it ends with ok
1 verbose cli [ '/home/vagrant/.nvm/versions/node/v6.9.5/bin/node',
1 verbose cli   '/home/vagrant/.nvm/versions/node/v6.9.5/bin/npm',
1 verbose cli   'bugs',
1 verbose cli   'tweeter' ]
2 info using npm@3.10.10
3 info using node@v6.9.5
4 silly fetchPackageMetaData tweeter
5 silly fetchNamedPackageData tweeter
6 silly mapToRegistry name tweeter
7 silly mapToRegistry using default registry
8 silly mapToRegistry registry https://registry.npmjs.org/
9 silly mapToRegistry data Result {
9 silly mapToRegistry   raw: 'tweeter',
9 silly mapToRegistry   scope: null,
9 silly mapToRegistry   escapedName: 'tweeter',
9 silly mapToRegistry   name: 'tweeter',
9 silly mapToRegistry   rawSpec: '',
9 silly mapToRegistry   spec: 'latest',
9 silly mapToRegistry   type: 'tag' }
10 silly mapToRegistry uri https://registry.npmjs.org/tweeter
11 verbose request uri https://registry.npmjs.org/tweeter
12 verbose request no auth needed
13 info attempt registry request try #1 at 5:59:57 PM
14 verbose request id 7138ac15635ee4b1
15 http request GET https://registry.npmjs.org/tweeter
16 http 200 https://registry.npmjs.org/tweeter
17 verbose headers { server: 'nginx/1.10.1',
17 verbose headers   'content-type': 'application/json',
17 verbose headers   'last-modified': 'Sat, 24 Sep 2011 03:16:17 GMT',
17 verbose headers   etag: 'W/"4e7d4b81-d9f"',
17 verbose headers   'content-encoding': 'gzip',
17 verbose headers   'cache-control': 'max-age=300',
17 verbose headers   'content-length': '707',
17 verbose headers   'accept-ranges': 'bytes',
17 verbose headers   date: 'Mon, 16 Oct 2017 17:59:57 GMT',
17 verbose headers   via: '1.1 varnish',
17 verbose headers   age: '0',
17 verbose headers   connection: 'keep-alive',
17 verbose headers   'x-served-by': 'cache-jfk8126-JFK',
17 verbose headers   'x-cache': 'MISS',
17 verbose headers   'x-cache-hits': '0',
17 verbose headers   'x-timer': 'S1508176797.317553,VS0,VE39',
17 verbose headers   vary: 'Accept-Encoding, Accept' }
18 silly get cb [ 200,
18 silly get   { server: 'nginx/1.10.1',
18 silly get     'content-type': 'application/json',
18 silly get     'last-modified': 'Sat, 24 Sep 2011 03:16:17 GMT',
18 silly get     etag: 'W/"4e7d4b81-d9f"',
18 silly get     'content-encoding': 'gzip',
18 silly get     'cache-control': 'max-age=300',
18 silly get     'content-length': '707',
18 silly get     'accept-ranges': 'bytes',
18 silly get     date: 'Mon, 16 Oct 2017 17:59:57 GMT',
18 silly get     via: '1.1 varnish',
18 silly get     age: '0',
18 silly get     connection: 'keep-alive',
18 silly get     'x-served-by': 'cache-jfk8126-JFK',
18 silly get     'x-cache': 'MISS',
18 silly get     'x-cache-hits': '0',
18 silly get     'x-timer': 'S1508176797.317553,VS0,VE39',
18 silly get     vary: 'Accept-Encoding, Accept' } ]
19 verbose get saving tweeter to /home/vagrant/.npm/registry.npmjs.org/tweeter/.cache.json
20 verbose correctMkdir /home/vagrant/.npm correctMkdir not in flight; initializing
21 silly bugs url https://github.com/jimschubert/tweeter.js/issues
22 verbose stack Error: spawn xdg-open ENOENT
22 verbose stack     at exports._errnoException (util.js:1022:11)
22 verbose stack     at Process.ChildProcess._handle.onexit (internal/child_process.js:193:32)
22 verbose stack     at onErrorNT (internal/child_process.js:359:16)
22 verbose stack     at _combinedTickCallback (internal/process/next_tick.js:74:11)
22 verbose stack     at process._tickCallback (internal/process/next_tick.js:98:9)
23 verbose cwd /vagrant/w3d1/tweeter
24 error Linux 4.4.0-21-generic
25 error argv "/home/vagrant/.nvm/versions/node/v6.9.5/bin/node" "/home/vagrant/.nvm/versions/node/v6.9.5/bin/npm" "bugs" "tweeter"
26 error node v6.9.5
27 error npm  v3.10.10
28 error path xdg-open
29 error code ENOENT
30 error errno ENOENT
31 error syscall spawn xdg-open
32 error enoent spawn xdg-open ENOENT
33 error enoent spawn xdg-open ENOENT
33 error enoent This is most likely not a problem with npm itself
33 error enoent and is related to npm not being able to find a file.
34 verbose exit [ 1, true ]
